\BOOKMARK [0][-]{chapter.1}{ INTRODU\307\303O}{}% 1
\BOOKMARK [0][-]{chapter.2}{ MODELAGEM E PROCESSAMENTO S\315SMICO}{}% 2
\BOOKMARK [1][-]{section.2.1}{MODELAGEM DA ESTRUTURA GEOL\323GICA}{chapter.2}% 3
\BOOKMARK [1][-]{section.2.2}{GEOMETRIA E PAR\302METROS DE AQUISI\307\303O}{chapter.2}% 4
\BOOKMARK [1][-]{section.2.3}{TRANSFORMADA DE RADON LINEAR}{chapter.2}% 5
\BOOKMARK [1][-]{section.2.4}{TRANSFORMADA F-K}{chapter.2}% 6
\BOOKMARK [1][-]{section.2.5}{FILTROS DE CORTE NA FREQU\312NCIA}{chapter.2}% 7
\BOOKMARK [1][-]{section.2.6}{COBERTURA M\301XIMA DOS CDP'S}{chapter.2}% 8
\BOOKMARK [1][-]{section.2.7}{AN\301LISE DE VELOCIDADE E CORRE\307\303O NMO}{chapter.2}% 9
\BOOKMARK [1][-]{section.2.8}{EMPILHAMENTO}{chapter.2}% 10
\BOOKMARK [0][-]{chapter.3}{ MIGRA\307\303O}{}% 11
\BOOKMARK [1][-]{section.3.1}{MIGRA\307\303O KIRCHHOFF NO TEMPO}{chapter.3}% 12
\BOOKMARK [1][-]{section.3.2}{MIGRA\307\303O DIFEREN\307AS FINITAS EM PROFUNDIDADE}{chapter.3}% 13
\BOOKMARK [1][-]{section.3.3}{OUTRAS METODOLOGIAS DE MIGRA\307\303O EM PROFUNDIDADE}{chapter.3}% 14
\BOOKMARK [0][-]{chapter*.60}{REFER\312NCIAS}{}% 15
\BOOKMARK [0][-]{chapter*.60}{AP\312NDICES}{}% 16
\BOOKMARK [1][-]{section*.61}{Ap\352ndices}{chapter*.60}% 17
\BOOKMARK [2][-]{subsection.0.0.1}{SHELL SCRIPT MODELAGEM TRIMODEL}{chapter*.60}% 18
\BOOKMARK [2][-]{subsection.0.0.2}{SHELL SCRIPT MODELO DE VELOCIDADE EXATO}{chapter*.60}% 19
\BOOKMARK [2][-]{subsection.0.0.3}{SHELL SCRIPT AQUISI\307\303O TRISEIS}{chapter*.60}% 20
\BOOKMARK [2][-]{subsection.0.0.4}{SHELL SCRIPT GEOMETRIA}{chapter*.60}% 21
\BOOKMARK [2][-]{subsection.0.0.5}{SHELL SCRIPT PLOT AFASTAMENTO M\315NIMO}{chapter*.60}% 22
\BOOKMARK [2][-]{subsection.0.0.6}{SCRIPT MATLAB TRANSFORMADA DE RADON LINEAR}{chapter*.60}% 23
\BOOKMARK [2][-]{subsection.0.0.7}{SCRIPT MATLAB FILTRAGEM FK}{chapter*.60}% 24
\BOOKMARK [2][-]{subsection.0.0.8}{SHELL SCRIPT M\301XIMA COBERTURA}{chapter*.60}% 25
\BOOKMARK [2][-]{subsection.0.0.9}{SHELL SCRIPT PLOT DOS CDP'S}{chapter*.60}% 26
\BOOKMARK [2][-]{subsection.0.0.10}{SHELL SCRIPT RU\315DO NA SE\307\303O S\315SMICA}{chapter*.60}% 27
\BOOKMARK [2][-]{subsection.0.0.11}{SHELL SCRIPT AN\301LISE DE VELOCIDADE ITERATIVA}{chapter*.60}% 28
\BOOKMARK [2][-]{subsection.0.0.12}{SHELL SCRIPT MODELO DE VELOCIDADE}{chapter*.60}% 29
\BOOKMARK [2][-]{subsection.0.0.13}{SHELL SCRIPT CORRE\307\303O NMO}{chapter*.60}% 30
\BOOKMARK [2][-]{subsection.0.0.14}{SHELL SCRIPT EMPILHAMENTO}{chapter*.60}% 31
\BOOKMARK [2][-]{subsection.0.0.15}{SHELL SCRIPT MIGRA\307\303O KIRCHHOFF}{chapter*.60}% 32
\BOOKMARK [2][-]{subsection.0.0.16}{SHELL SCRIPT MIGRA\307\303O DIFEREN\307AS FINITAS}{chapter*.60}% 33
\BOOKMARK [2][-]{subsection.0.0.17}{SHELL SCRIPT OUTRAS MIGRA\307\325ES}{chapter*.60}% 34
